<?xml version="1.0" encoding="UTF-8"?>
<testsuite xmlns:xsi="http://www.w3.org/2001/XMLSchema-instance" xsi:noNamespaceSchemaLocation="https://maven.apache.org/surefire/maven-surefire-plugin/xsd/surefire-test-report-3.0.xsd" version="3.0" name="provider.AppTest" time="0.05" tests="1" errors="0" skipped="0" failures="0">
  <properties>
    <property name="java.specification.version" value="21"/>
    <property name="sun.cpu.isalist" value="amd64"/>
    <property name="sun.jnu.encoding" value="GBK"/>
    <property name="java.class.path" value="C:\Users\syp\cloud\webapp\backend\target\test-classes;C:\Users\syp\cloud\webapp\backend\target\classes;F:\CS\MavRepository\junit\junit\3.8.1\junit-3.8.1.jar;F:\CS\MavRepository\org\projectlombok\lombok\1.18.24\lombok-1.18.24.jar;F:\CS\MavRepository\org\yaml\snakeyaml\1.33\snakeyaml-1.33.jar;F:\CS\MavRepository\org\apache\commons\commons-lang3\3.7\commons-lang3-3.7.jar;F:\CS\MavRepository\com\fasterxml\jackson\core\jackson-databind\2.12.5\jackson-databind-2.12.5.jar;F:\CS\MavRepository\com\fasterxml\jackson\core\jackson-annotations\2.12.5\jackson-annotations-2.12.5.jar;F:\CS\MavRepository\com\fasterxml\jackson\core\jackson-core\2.12.5\jackson-core-2.12.5.jar;"/>
    <property name="java.vm.vendor" value="Azul Systems, Inc."/>
    <property name="sun.arch.data.model" value="64"/>
    <property name="user.variant" value=""/>
    <property name="java.vendor.url" value="http://www.azul.com/"/>
    <property name="user.timezone" value="Asia/Shanghai"/>
    <property name="os.name" value="Windows 11"/>
    <property name="java.vm.specification.version" value="21"/>
    <property name="sun.java.launcher" value="SUN_STANDARD"/>
    <property name="user.country" value="CN"/>
    <property name="sun.boot.library.path" value="C:\Users\syp\.conda\envs\java-env\Library\lib\jvm\bin"/>
    <property name="sun.java.command" value="C:\Users\syp\AppData\Local\Temp\surefire468710966197672796\surefirebooter-20240711113324239_3.jar C:\Users\syp\AppData\Local\Temp\surefire468710966197672796 2024-07-11T11-33-23_775-jvmRun1 surefire-20240711113324239_1tmp surefire_0-20240711113324239_2tmp"/>
    <property name="jdk.debug" value="release"/>
    <property name="surefire.test.class.path" value="C:\Users\syp\cloud\webapp\backend\target\test-classes;C:\Users\syp\cloud\webapp\backend\target\classes;F:\CS\MavRepository\junit\junit\3.8.1\junit-3.8.1.jar;F:\CS\MavRepository\org\projectlombok\lombok\1.18.24\lombok-1.18.24.jar;F:\CS\MavRepository\org\yaml\snakeyaml\1.33\snakeyaml-1.33.jar;F:\CS\MavRepository\org\apache\commons\commons-lang3\3.7\commons-lang3-3.7.jar;F:\CS\MavRepository\com\fasterxml\jackson\core\jackson-databind\2.12.5\jackson-databind-2.12.5.jar;F:\CS\MavRepository\com\fasterxml\jackson\core\jackson-annotations\2.12.5\jackson-annotations-2.12.5.jar;F:\CS\MavRepository\com\fasterxml\jackson\core\jackson-core\2.12.5\jackson-core-2.12.5.jar;"/>
    <property name="sun.cpu.endian" value="little"/>
    <property name="user.home" value="C:\Users\syp"/>
    <property name="user.language" value="zh"/>
    <property name="java.specification.vendor" value="Oracle Corporation"/>
    <property name="java.version.date" value="2024-04-16"/>
    <property name="java.home" value="C:\Users\syp\.conda\envs\java-env\Library\lib\jvm"/>
    <property name="file.separator" value="\"/>
    <property name="basedir" value="C:\Users\syp\cloud\webapp\backend"/>
    <property name="java.vm.compressedOopsMode" value="32-bit"/>
    <property name="line.separator" value="&#10;"/>
    <property name="java.vm.specification.vendor" value="Oracle Corporation"/>
    <property name="java.specification.name" value="Java Platform API Specification"/>
    <property name="surefire.real.class.path" value="C:\Users\syp\AppData\Local\Temp\surefire468710966197672796\surefirebooter-20240711113324239_3.jar"/>
    <property name="user.script" value=""/>
    <property name="sun.management.compiler" value="HotSpot 64-Bit Tiered Compilers"/>
    <property name="java.runtime.version" value="21.0.3+9-LTS"/>
    <property name="user.name" value="syp"/>
    <property name="stdout.encoding" value="GBK"/>
    <property name="path.separator" value=";"/>
    <property name="os.version" value="10.0"/>
    <property name="java.runtime.name" value="OpenJDK Runtime Environment"/>
    <property name="file.encoding" value="GBK"/>
    <property name="java.vm.name" value="OpenJDK 64-Bit Server VM"/>
    <property name="java.vendor.version" value="Zulu21.34+19-CA"/>
    <property name="localRepository" value="F:\CS\MavRepository"/>
    <property name="java.vendor.url.bug" value="http://www.azul.com/support/"/>
    <property name="java.io.tmpdir" value="C:\Users\syp\AppData\Local\Temp\"/>
    <property name="java.version" value="21.0.3"/>
    <property name="user.dir" value="C:\Users\syp\cloud\webapp\backend"/>
    <property name="os.arch" value="amd64"/>
    <property name="java.vm.specification.name" value="Java Virtual Machine Specification"/>
    <property name="sun.os.patch.level" value=""/>
    <property name="native.encoding" value="GBK"/>
    <property name="java.library.path" value="C:\Users\syp\.conda\envs\java-env\Library\lib\jvm\bin;C:\WINDOWS\Sun\Java\bin;C:\WINDOWS\system32;C:\WINDOWS;C:\Users\syp\.conda\envs\java-env;C:\Users\syp\.conda\envs\java-env\Library\mingw-w64\bin;C:\Users\syp\.conda\envs\java-env\Library\usr\bin;C:\Users\syp\.conda\envs\java-env\Library\bin;C:\Users\syp\.conda\envs\java-env\Scripts;C:\Users\syp\.conda\envs\java-env\bin;C:\ProgramData\anaconda3\condabin;C:\Windows\system32;C:\Windows;C:\Windows\System32\Wbem;C:\Windows\System32\WindowsPowerShell\v1.0;C:\Windows\System32\OpenSSH;C:\Program Files (x86)\NVIDIA Corporation\PhysX\Common;C:\Program Files\NVIDIA Corporation\NVIDIA NvDLISR;F:\CS\tdm\bin;E:\微信web开发者工具\dll;E:\;C:;Program Files (x86)\Tencent\微信web开发者工具\dll;C:\Git\cmd;C:\ProgramData\chocolatey\bin;C:\Program Files\MySQL\MySQL Server 8.0\bin;C:\WINDOWS\system32;C:\WINDOWS;C:\WINDOWS\System32\Wbem;C:\WINDOWS\System32\WindowsPowerShell\v1.0;C:\WINDOWS\System32\OpenSSH;C:\jdk-22\bin;C:\apache-maven-3.9.6\bin;F:\Python;F:\Python\Scripts;C:\ProgramData\anaconda3;C:\ProgramData\anaconda3\Scripts;C:\Program Files\Docker\Docker\resources\bin;C:\Program Files\Amazon\AWSCLIV2;C:\kubectl;C:\Program Files\MySQL\MySQL Shell 8.0\bin;C:\Users\syp\AppData\Local\Microsoft\WindowsApps;C:\msys64\ucrt64\bin;C:\cmake-3.26.2-windows-x86_64\bin;C:\Users\syp\AppData\Local\Programs\Microsoft VS Code\bin;C:\Users\syp\AppData\Local\GitHubDesktop\bin;C:\Users\syp\AppData\Roaming\npm;C:\Program Files\JetBrains\IntelliJ IDEA 2023.3.6\bin;.;.;C:\Program Files\JetBrains\CLion 2024.1.1\bin;.;."/>
    <property name="java.vm.info" value="mixed mode, sharing"/>
    <property name="stderr.encoding" value="GBK"/>
    <property name="java.vendor" value="Azul Systems, Inc."/>
    <property name="java.vm.version" value="21.0.3+9-LTS"/>
    <property name="sun.io.unicode.encoding" value="UnicodeLittle"/>
    <property name="java.class.version" value="65.0"/>
  </properties>
  <testcase name="testApp" classname="provider.AppTest" time="0.007"/>
</testsuite>